mode: set
github.com/afiifatuts/simple_bank/api/account.go:16.55,18.49 2 0
github.com/afiifatuts/simple_bank/api/account.go:18.49,21.3 2 0
github.com/afiifatuts/simple_bank/api/account.go:23.2,30.16 3 0
github.com/afiifatuts/simple_bank/api/account.go:30.16,33.3 2 0
github.com/afiifatuts/simple_bank/api/account.go:35.2,35.34 1 0
github.com/afiifatuts/simple_bank/api/account.go:43.52,45.48 2 1
github.com/afiifatuts/simple_bank/api/account.go:45.48,48.3 2 0
github.com/afiifatuts/simple_bank/api/account.go:50.2,52.16 2 1
github.com/afiifatuts/simple_bank/api/account.go:52.16,53.27 1 1
github.com/afiifatuts/simple_bank/api/account.go:53.27,56.4 2 1
github.com/afiifatuts/simple_bank/api/account.go:57.3,58.9 2 0
github.com/afiifatuts/simple_bank/api/account.go:61.2,61.34 1 1
github.com/afiifatuts/simple_bank/api/account.go:69.53,71.50 2 0
github.com/afiifatuts/simple_bank/api/account.go:71.50,74.3 2 0
github.com/afiifatuts/simple_bank/api/account.go:75.2,82.16 3 0
github.com/afiifatuts/simple_bank/api/account.go:82.16,86.3 2 0
github.com/afiifatuts/simple_bank/api/account.go:88.2,88.35 1 0
github.com/afiifatuts/simple_bank/api/server.go:15.41,25.2 7 1
github.com/afiifatuts/simple_bank/api/server.go:28.51,30.2 1 0
github.com/afiifatuts/simple_bank/api/server.go:32.35,34.2 1 1
github.com/afiifatuts/simple_bank/db/sqlc/account.sql.go:22.104,33.2 4 1
github.com/afiifatuts/simple_bank/db/sqlc/account.sql.go:51.96,62.2 4 1
github.com/afiifatuts/simple_bank/db/sqlc/account.sql.go:69.70,72.2 2 1
github.com/afiifatuts/simple_bank/db/sqlc/account.sql.go:79.78,90.2 4 1
github.com/afiifatuts/simple_bank/db/sqlc/account.sql.go:98.87,109.2 4 0
github.com/afiifatuts/simple_bank/db/sqlc/account.sql.go:123.96,125.16 2 1
github.com/afiifatuts/simple_bank/db/sqlc/account.sql.go:125.16,127.3 1 0
github.com/afiifatuts/simple_bank/db/sqlc/account.sql.go:128.2,130.18 3 1
github.com/afiifatuts/simple_bank/db/sqlc/account.sql.go:130.18,138.17 2 1
github.com/afiifatuts/simple_bank/db/sqlc/account.sql.go:138.17,140.4 1 0
github.com/afiifatuts/simple_bank/db/sqlc/account.sql.go:141.3,141.27 1 1
github.com/afiifatuts/simple_bank/db/sqlc/account.sql.go:143.2,143.37 1 1
github.com/afiifatuts/simple_bank/db/sqlc/account.sql.go:143.37,145.3 1 0
github.com/afiifatuts/simple_bank/db/sqlc/account.sql.go:146.2,146.35 1 1
github.com/afiifatuts/simple_bank/db/sqlc/account.sql.go:146.35,148.3 1 0
github.com/afiifatuts/simple_bank/db/sqlc/account.sql.go:149.2,149.19 1 1
github.com/afiifatuts/simple_bank/db/sqlc/account.sql.go:164.96,175.2 4 1
github.com/afiifatuts/simple_bank/db/sqlc/db.go:17.28,19.2 1 1
github.com/afiifatuts/simple_bank/db/sqlc/db.go:25.47,29.2 1 0
github.com/afiifatuts/simple_bank/db/sqlc/entry.sql.go:24.90,34.2 4 1
github.com/afiifatuts/simple_bank/db/sqlc/entry.sql.go:41.74,51.2 4 1
github.com/afiifatuts/simple_bank/db/sqlc/entry.sql.go:67.92,69.16 2 1
github.com/afiifatuts/simple_bank/db/sqlc/entry.sql.go:69.16,71.3 1 0
github.com/afiifatuts/simple_bank/db/sqlc/entry.sql.go:72.2,74.18 3 1
github.com/afiifatuts/simple_bank/db/sqlc/entry.sql.go:74.18,81.17 2 1
github.com/afiifatuts/simple_bank/db/sqlc/entry.sql.go:81.17,83.4 1 0
github.com/afiifatuts/simple_bank/db/sqlc/entry.sql.go:84.3,84.27 1 1
github.com/afiifatuts/simple_bank/db/sqlc/entry.sql.go:86.2,86.37 1 1
github.com/afiifatuts/simple_bank/db/sqlc/entry.sql.go:86.37,88.3 1 0
github.com/afiifatuts/simple_bank/db/sqlc/entry.sql.go:89.2,89.35 1 1
github.com/afiifatuts/simple_bank/db/sqlc/entry.sql.go:89.35,91.3 1 0
github.com/afiifatuts/simple_bank/db/sqlc/entry.sql.go:92.2,92.19 1 1
github.com/afiifatuts/simple_bank/db/sqlc/store.go:23.33,28.2 1 1
github.com/afiifatuts/simple_bank/db/sqlc/store.go:31.83,33.16 2 1
github.com/afiifatuts/simple_bank/db/sqlc/store.go:33.16,35.3 1 0
github.com/afiifatuts/simple_bank/db/sqlc/store.go:37.2,39.16 3 1
github.com/afiifatuts/simple_bank/db/sqlc/store.go:39.16,40.43 1 0
github.com/afiifatuts/simple_bank/db/sqlc/store.go:40.43,42.4 1 0
github.com/afiifatuts/simple_bank/db/sqlc/store.go:43.3,43.13 1 0
github.com/afiifatuts/simple_bank/db/sqlc/store.go:45.2,45.20 1 1
github.com/afiifatuts/simple_bank/db/sqlc/store.go:69.105,72.50 2 1
github.com/afiifatuts/simple_bank/db/sqlc/store.go:72.50,81.17 3 1
github.com/afiifatuts/simple_bank/db/sqlc/store.go:81.17,83.4 1 0
github.com/afiifatuts/simple_bank/db/sqlc/store.go:86.3,90.17 2 1
github.com/afiifatuts/simple_bank/db/sqlc/store.go:90.17,92.4 1 0
github.com/afiifatuts/simple_bank/db/sqlc/store.go:95.3,99.17 2 1
github.com/afiifatuts/simple_bank/db/sqlc/store.go:99.17,101.4 1 0
github.com/afiifatuts/simple_bank/db/sqlc/store.go:105.3,105.44 1 1
github.com/afiifatuts/simple_bank/db/sqlc/store.go:105.44,107.4 1 1
github.com/afiifatuts/simple_bank/db/sqlc/store.go:107.9,110.4 1 1
github.com/afiifatuts/simple_bank/db/sqlc/store.go:112.3,112.13 1 1
github.com/afiifatuts/simple_bank/db/sqlc/store.go:114.2,114.20 1 1
github.com/afiifatuts/simple_bank/db/sqlc/store.go:124.51,129.16 2 1
github.com/afiifatuts/simple_bank/db/sqlc/store.go:129.16,131.3 1 0
github.com/afiifatuts/simple_bank/db/sqlc/store.go:133.2,137.8 2 1
github.com/afiifatuts/simple_bank/db/sqlc/transfer.sql.go:26.99,37.2 4 1
github.com/afiifatuts/simple_bank/db/sqlc/transfer.sql.go:44.80,55.2 4 1
github.com/afiifatuts/simple_bank/db/sqlc/transfer.sql.go:74.99,81.16 2 1
github.com/afiifatuts/simple_bank/db/sqlc/transfer.sql.go:81.16,83.3 1 0
github.com/afiifatuts/simple_bank/db/sqlc/transfer.sql.go:84.2,86.18 3 1
github.com/afiifatuts/simple_bank/db/sqlc/transfer.sql.go:86.18,94.17 2 1
github.com/afiifatuts/simple_bank/db/sqlc/transfer.sql.go:94.17,96.4 1 0
github.com/afiifatuts/simple_bank/db/sqlc/transfer.sql.go:97.3,97.27 1 1
github.com/afiifatuts/simple_bank/db/sqlc/transfer.sql.go:99.2,99.37 1 1
github.com/afiifatuts/simple_bank/db/sqlc/transfer.sql.go:99.37,101.3 1 0
github.com/afiifatuts/simple_bank/db/sqlc/transfer.sql.go:102.2,102.35 1 1
github.com/afiifatuts/simple_bank/db/sqlc/transfer.sql.go:102.35,104.3 1 0
github.com/afiifatuts/simple_bank/db/sqlc/transfer.sql.go:105.2,105.19 1 1
